<?xml version="1.0" encoding="UTF-8"?>
<!-- Generated by org.testng.reporters.JUnitXMLReporter -->
<testsuite ignored="0" hostname="LAPTOP-NLJ0AAUC" failures="0" tests="1" name="TestRunner1" time="0.06" errors="0" timestamp="2023-12-04T11:51:17 IST">
  <testcase classname="Generic_Utilities.BaseClass" name="@BeforeClass beforeMethod" time="0.002">
    <failure type="java.lang.NullPointerException" message="Cannot invoke &amp;quot;org.openqa.selenium.WebDriver.get(String)&amp;quot; because &amp;quot;this.driver&amp;quot; is null">
      <![CDATA[java.lang.NullPointerException: Cannot invoke "org.openqa.selenium.WebDriver.get(String)" because "this.driver" is null
at Generic_Utilities.BaseClass.beforeMethod(BaseClass.java:73)
at java.base/java.util.ArrayList.forEach(ArrayList.java:1511)
... Removed 25 stack frames]]>
    </failure>
  </testcase> <!-- @BeforeClass beforeMethod -->
  <testcase classname="Generic_Utilities.BaseClass" name="@BeforeMethod beforeMethod" time="0.0">
    <skipped/>
  </testcase> <!-- @BeforeMethod beforeMethod -->
  <testcase classname="Generic_Utilities.BaseClass" name="@AfterMethod afterMethod" time="0.0">
    <skipped/>
  </testcase> <!-- @AfterMethod afterMethod -->
  <testcase classname="Generic_Utilities.BaseClass" name="@AfterClass afterClass" time="0.0">
    <skipped/>
  </testcase> <!-- @AfterClass afterClass -->
  <testcase classname="Campaign.CreateCampaign" name="CreateCampaign" time="0.0">
    <skipped/>
  </testcase> <!-- CreateCampaign -->
</testsuite> <!-- TestRunner1 -->
